<?xml version="1.0" encoding="UTF-8"?>
<testsuite name="com.example.CheckWebsiteTaskTest" tests="1" skipped="0" failures="0" errors="0" timestamp="2016-03-22T00:14:50" hostname="simon" time="2.007">
  <properties/>
  <testcase name="checkWebsitePluginAddsCheckWebsiteTaskToProject" classname="com.example.CheckWebsiteTaskTest" time="2.007"/>
  <system-out><![CDATA[]]></system-out>
  <system-err><![CDATA[]]></system-err>
</testsuite>
