<?xml version="1.0" encoding="UTF-8"?>
<testsuite name="com.example.CheckWebsitePluginTest" tests="1" skipped="0" failures="0" errors="0" timestamp="2016-03-22T00:14:52" hostname="simon" time="0.378">
  <properties/>
  <testcase name="checkWebsitePluginAddsCheckWebsiteTaskToProject" classname="com.example.CheckWebsitePluginTest" time="0.378"/>
  <system-out><![CDATA[]]></system-out>
  <system-err><![CDATA[]]></system-err>
</testsuite>
